# JRE version: Java(TM) SE Runtime Environment (8.0_211-b12) (build 1.8.0_211-b12)
# Java VM: Java HotSpot(TM) 64-Bit Server VM (25.211-b12 mixed mode windows-amd64 compressed oops)
Heap:
 PSYoungGen      total 293376K, used 29471K [0x00000000eb900000, 0x00000000fea00000, 0x0000000100000000)
  eden space 280576K, 10% used [0x00000000eb900000,0x00000000ed5c7ef0,0x00000000fcb00000)
  from space 12800K, 0% used [0x00000000fdd80000,0x00000000fdd80000,0x00000000fea00000)
  to   space 15872K, 0% used [0x00000000fcb00000,0x00000000fcb00000,0x00000000fda80000)
 ParOldGen       total 70144K, used 33870K [0x00000000c2a00000, 0x00000000c6e80000, 0x00000000eb900000)
  object space 70144K, 48% used [0x00000000c2a00000,0x00000000c4b13920,0x00000000c6e80000)
 Metaspace       used 58800K, capacity 61108K, committed 61336K, reserved 1101824K
  class space    used 7859K, capacity 8283K, committed 8360K, reserved 1048576K
GC Heap History (10 events):
Event: 22.774 GC heap before
{Heap before GC invocations=13 (full 2):
 PSYoungGen      total 134656K, used 6464K [0x00000000eb900000, 0x00000000f8a80000, 0x0000000100000000)
  eden space 120832K, 0% used [0x00000000eb900000,0x00000000eb900000,0x00000000f2f00000)
  from space 13824K, 46% used [0x00000000f2f00000,0x00000000f3550020,0x00000000f3c80000)
  to   space 13312K, 0% used [0x00000000f7d80000,0x00000000f7d80000,0x00000000f8a80000)
 ParOldGen       total 34816K, used 21889K [0x00000000c2a00000, 0x00000000c4c00000, 0x00000000eb900000)
  object space 34816K, 62% used [0x00000000c2a00000,0x00000000c3f60438,0x00000000c4c00000)
 Metaspace       used 34038K, capacity 35408K, committed 35496K, reserved 1079296K
  class space    used 4458K, capacity 4749K, committed 4776K, reserved 1048576K
Event: 22.968 GC heap after
Heap after GC invocations=13 (full 2):
 PSYoungGen      total 134656K, used 0K [0x00000000eb900000, 0x00000000f8a80000, 0x0000000100000000)
  eden space 120832K, 0% used [0x00000000eb900000,0x00000000eb900000,0x00000000f2f00000)
  from space 13824K, 0% used [0x00000000f2f00000,0x00000000f2f00000,0x00000000f3c80000)
  to   space 13312K, 0% used [0x00000000f7d80000,0x00000000f7d80000,0x00000000f8a80000)
 ParOldGen       total 51712K, used 19394K [0x00000000c2a00000, 0x00000000c5c80000, 0x00000000eb900000)
  object space 51712K, 37% used [0x00000000c2a00000,0x00000000c3cf0a30,0x00000000c5c80000)
 Metaspace       used 34038K, capacity 35408K, committed 35496K, reserved 1079296K
  class space    used 4458K, capacity 4749K, committed 4776K, reserved 1048576K
}
Event: 31.931 GC heap before
{Heap before GC invocations=14 (full 2):
 PSYoungGen      total 134656K, used 120832K [0x00000000eb900000, 0x00000000f8a80000, 0x0000000100000000)
  eden space 120832K, 100% used [0x00000000eb900000,0x00000000f2f00000,0x00000000f2f00000)
  from space 13824K, 0% used [0x00000000f2f00000,0x00000000f2f00000,0x00000000f3c80000)
  to   space 13312K, 0% used [0x00000000f7d80000,0x00000000f7d80000,0x00000000f8a80000)
 ParOldGen       total 51712K, used 19394K [0x00000000c2a00000, 0x00000000c5c80000, 0x00000000eb900000)
  object space 51712K, 37% used [0x00000000c2a00000,0x00000000c3cf0a30,0x00000000c5c80000)
 Metaspace       used 47444K, capacity 48984K, committed 49448K, reserved 1091584K
  class space    used 6338K, capacity 6633K, committed 6696K, reserved 1048576K
Event: 31.970 GC heap after
Heap after GC invocations=14 (full 2):
 PSYoungGen      total 198656K, used 13306K [0x00000000eb900000, 0x00000000f8e00000, 0x0000000100000000)
  eden space 185344K, 0% used [0x00000000eb900000,0x00000000eb900000,0x00000000f6e00000)
  from space 13312K, 99% used [0x00000000f7d80000,0x00000000f8a7ea30,0x00000000f8a80000)
  to   space 15872K, 0% used [0x00000000f6e00000,0x00000000f6e00000,0x00000000f7d80000)
 ParOldGen       total 51712K, used 21518K [0x00000000c2a00000, 0x00000000c5c80000, 0x00000000eb900000)
  object space 51712K, 41% used [0x00000000c2a00000,0x00000000c3f038f8,0x00000000c5c80000)
 Metaspace       used 47444K, capacity 48984K, committed 49448K, reserved 1091584K
  class space    used 6338K, capacity 6633K, committed 6696K, reserved 1048576K
}
Event: 41.407 GC heap before
{Heap before GC invocations=15 (full 2):
 PSYoungGen      total 198656K, used 198650K [0x00000000eb900000, 0x00000000f8e00000, 0x0000000100000000)
  eden space 185344K, 100% used [0x00000000eb900000,0x00000000f6e00000,0x00000000f6e00000)
  from space 13312K, 99% used [0x00000000f7d80000,0x00000000f8a7ea30,0x00000000f8a80000)
  to   space 15872K, 0% used [0x00000000f6e00000,0x00000000f6e00000,0x00000000f7d80000)
 ParOldGen       total 51712K, used 21518K [0x00000000c2a00000, 0x00000000c5c80000, 0x00000000eb900000)
  object space 51712K, 41% used [0x00000000c2a00000,0x00000000c3f038f8,0x00000000c5c80000)
 Metaspace       used 54847K, capacity 56962K, committed 57128K, reserved 1099776K
  class space    used 7327K, capacity 7708K, committed 7720K, reserved 1048576K
Event: 41.506 GC heap after
Heap after GC invocations=15 (full 2):
 PSYoungGen      total 201216K, used 11225K [0x00000000eb900000, 0x00000000fed80000, 0x0000000100000000)
  eden space 185344K, 0% used [0x00000000eb900000,0x00000000eb900000,0x00000000f6e00000)
  from space 15872K, 70% used [0x00000000f6e00000,0x00000000f78f6798,0x00000000f7d80000)
  to   space 16384K, 0% used [0x00000000fdd80000,0x00000000fdd80000,0x00000000fed80000)
 ParOldGen       total 51712K, used 26211K [0x00000000c2a00000, 0x00000000c5c80000, 0x00000000eb900000)
  object space 51712K, 50% used [0x00000000c2a00000,0x00000000c4398f20,0x00000000c5c80000)
 Metaspace       used 54847K, capacity 56962K, committed 57128K, reserved 1099776K
  class space    used 7327K, capacity 7708K, committed 7720K, reserved 1048576K
}
Event: 46.970 GC heap before
{Heap before GC invocations=16 (full 2):
 PSYoungGen      total 201216K, used 178111K [0x00000000eb900000, 0x00000000fed80000, 0x0000000100000000)
  eden space 185344K, 90% used [0x00000000eb900000,0x00000000f5bf9658,0x00000000f6e00000)
  from space 15872K, 70% used [0x00000000f6e00000,0x00000000f78f6798,0x00000000f7d80000)
  to   space 16384K, 0% used [0x00000000fdd80000,0x00000000fdd80000,0x00000000fed80000)
 ParOldGen       total 51712K, used 26211K [0x00000000c2a00000, 0x00000000c5c80000, 0x00000000eb900000)
  object space 51712K, 50% used [0x00000000c2a00000,0x00000000c4398f20,0x00000000c5c80000)
 Metaspace       used 56719K, capacity 58914K, committed 59160K, reserved 1099776K
  class space    used 7574K, capacity 7958K, committed 7976K, reserved 1048576K
Event: 47.093 GC heap after
Heap after GC invocations=16 (full 2):
 PSYoungGen      total 293376K, used 6044K [0x00000000eb900000, 0x00000000fea00000, 0x0000000100000000)
  eden space 280576K, 0% used [0x00000000eb900000,0x00000000eb900000,0x00000000fcb00000)
  from space 12800K, 47% used [0x00000000fdd80000,0x00000000fe367138,0x00000000fea00000)
  to   space 15872K, 0% used [0x00000000fcb00000,0x00000000fcb00000,0x00000000fda80000)
 ParOldGen       total 51712K, used 31942K [0x00000000c2a00000, 0x00000000c5c80000, 0x00000000eb900000)
  object space 51712K, 61% used [0x00000000c2a00000,0x00000000c4931830,0x00000000c5c80000)
 Metaspace       used 56719K, capacity 58914K, committed 59160K, reserved 1099776K
  class space    used 7574K, capacity 7958K, committed 7976K, reserved 1048576K
}
Event: 47.093 GC heap before
{Heap before GC invocations=17 (full 3):
 PSYoungGen      total 293376K, used 6044K [0x00000000eb900000, 0x00000000fea00000, 0x0000000100000000)
  eden space 280576K, 0% used [0x00000000eb900000,0x00000000eb900000,0x00000000fcb00000)
  from space 12800K, 47% used [0x00000000fdd80000,0x00000000fe367138,0x00000000fea00000)
  to   space 15872K, 0% used [0x00000000fcb00000,0x00000000fcb00000,0x00000000fda80000)
 ParOldGen       total 51712K, used 31942K [0x00000000c2a00000, 0x00000000c5c80000, 0x00000000eb900000)
  object space 51712K, 61% used [0x00000000c2a00000,0x00000000c4931830,0x00000000c5c80000)
 Metaspace       used 56719K, capacity 58914K, committed 59160K, reserved 1099776K
  class space    used 7574K, capacity 7958K, committed 7976K, reserved 1048576K
Event: 47.710 GC heap after
Heap after GC invocations=17 (full 3):
 PSYoungGen      total 293376K, used 0K [0x00000000eb900000, 0x00000000fea00000, 0x0000000100000000)
  eden space 280576K, 0% used [0x00000000eb900000,0x00000000eb900000,0x00000000fcb00000)
  from space 12800K, 0% used [0x00000000fdd80000,0x00000000fdd80000,0x00000000fea00000)
  to   space 15872K, 0% used [0x00000000fcb00000,0x00000000fcb00000,0x00000000fda80000)
 ParOldGen       total 70144K, used 33870K [0x00000000c2a00000, 0x00000000c6e80000, 0x00000000eb900000)
  object space 70144K, 48% used [0x00000000c2a00000,0x00000000c4b13920,0x00000000c6e80000)
 Metaspace       used 56719K, capacity 58914K, committed 59160K, reserved 1099776K
  class space    used 7574K, capacity 7958K, committed 7976K, reserved 1048576K
}

